#! /c/Source/iverilog-install/bin/vvp
:ivl_version "12.0 (devel)" "(s20150603-1539-g2693dd32b)";
:ivl_delay_selection "TYPICAL";
:vpi_time_precision + 0;
:vpi_module "C:\iverilog\lib\ivl\system.vpi";
:vpi_module "C:\iverilog\lib\ivl\vhdl_sys.vpi";
:vpi_module "C:\iverilog\lib\ivl\vhdl_textio.vpi";
:vpi_module "C:\iverilog\lib\ivl\v2005_math.vpi";
:vpi_module "C:\iverilog\lib\ivl\va_math.vpi";
:vpi_module "C:\iverilog\lib\ivl\v2009.vpi";
S_00000261d2d829c0 .scope package, "$unit" "$unit" 2 1;
 .timescale 0 0;
S_00000261d2d82b50 .scope module, "tb_fifo" "tb_fifo" 3 1;
 .timescale 0 0;
v00000261d2e23590_0 .var "clk", 0 0;
v00000261d2e231d0_0 .net "empty", 0 0, L_00000261d2e23090;  1 drivers
v00000261d2e236d0_0 .net "full", 0 0, L_00000261d2e22f50;  1 drivers
v00000261d2e23770_0 .net "rd_data", 7 0, v00000261d2e23310_0;  1 drivers
v00000261d2e238b0_0 .var "rq", 0 0;
v00000261d2e22e10_0 .var "rst_n", 0 0;
v00000261d2e239f0_0 .var "tempdata", 7 0;
v00000261d2e23b30_0 .var "wq", 0 0;
v00000261d2e22d70_0 .var "wr_data", 7 0;
S_00000261d2dbeb30 .scope module, "fifo_inst" "fifo" 3 9, 4 1 0, S_00000261d2d82b50;
 .timescale 0 0;
    .port_info 0 /INPUT 1 "clk";
    .port_info 1 /INPUT 1 "rst";
    .port_info 2 /INPUT 1 "rq";
    .port_info 3 /INPUT 1 "wq";
    .port_info 4 /INPUT 8 "w_data";
    .port_info 5 /OUTPUT 8 "r_data";
    .port_info 6 /OUTPUT 1 "full";
    .port_info 7 /OUTPUT 1 "empty";
P_00000261d2d83050 .param/l "data_depth" 0 4 3, +C4<00000000000000000000000000000111>;
P_00000261d2d83088 .param/l "mem_depth" 0 4 2, +C4<00000000000000000000000000000110>;
v00000261d2dbf7c0_0 .net *"_ivl_0", 31 0, L_00000261d2e23bd0;  1 drivers
L_00000261d3230118 .functor BUFT 1, C4<0000000000000000000000000000>, C4<0>, C4<0>, C4<0>;
v00000261d2d833a0_0 .net *"_ivl_11", 27 0, L_00000261d3230118;  1 drivers
L_00000261d3230160 .functor BUFT 1, C4<00000000000000000000000000000000>, C4<0>, C4<0>, C4<0>;
v00000261d2dac4c0_0 .net/2u *"_ivl_12", 31 0, L_00000261d3230160;  1 drivers
L_00000261d3230088 .functor BUFT 1, C4<0000000000000000000000000000>, C4<0>, C4<0>, C4<0>;
v00000261d2dac560_0 .net *"_ivl_3", 27 0, L_00000261d3230088;  1 drivers
L_00000261d32300d0 .functor BUFT 1, C4<00000000000000000000000000000110>, C4<0>, C4<0>, C4<0>;
v00000261d2dace10_0 .net/2u *"_ivl_4", 31 0, L_00000261d32300d0;  1 drivers
v00000261d2daceb0_0 .net *"_ivl_8", 31 0, L_00000261d2e22ff0;  1 drivers
v00000261d2dbee50_0 .net "clk", 0 0, v00000261d2e23590_0;  1 drivers
v00000261d2dbeef0_0 .var "counter", 3 0;
v00000261d2d82ce0_0 .net "empty", 0 0, L_00000261d2e23090;  alias, 1 drivers
v00000261d2e23270_0 .net "full", 0 0, L_00000261d2e22f50;  alias, 1 drivers
v00000261d2e23630 .array "mem", 0 6, 7 0;
v00000261d2e23310_0 .var "r_data", 7 0;
v00000261d2e23a90_0 .var "r_point", 2 0;
v00000261d2e23810_0 .net "rq", 0 0, v00000261d2e238b0_0;  1 drivers
v00000261d2e233b0_0 .net "rst", 0 0, v00000261d2e22e10_0;  1 drivers
v00000261d2e23450_0 .net "w_data", 7 0, v00000261d2e22d70_0;  1 drivers
v00000261d2e23950_0 .var "w_point", 2 0;
v00000261d2e22eb0_0 .net "wq", 0 0, v00000261d2e23b30_0;  1 drivers
E_00000261d2db0750 .event posedge, v00000261d2e233b0_0, v00000261d2dbee50_0;
L_00000261d2e23bd0 .concat [ 4 28 0 0], v00000261d2dbeef0_0, L_00000261d3230088;
L_00000261d2e22f50 .cmp/eq 32, L_00000261d2e23bd0, L_00000261d32300d0;
L_00000261d2e22ff0 .concat [ 4 28 0 0], v00000261d2dbeef0_0, L_00000261d3230118;
L_00000261d2e23090 .cmp/eq 32, L_00000261d2e22ff0, L_00000261d3230160;
S_00000261d2dbecc0 .scope task, "mem_clear" "mem_clear" 4 88, 4 88 0, S_00000261d2dbeb30;
 .timescale 0 0;
TD_tb_fifo.fifo_inst.mem_clear ;
    %fork t_1, S_00000261d2db3720;
    %jmp t_0;
    .scope S_00000261d2db3720;
t_1 ;
    %pushi/vec4 0, 0, 32;
    %store/vec4 v00000261d2ee9400_0, 0, 32;
T_0.0 ;
    %load/vec4 v00000261d2ee9400_0;
    %cmpi/s 6, 0, 32;
    %flag_or 5, 4;
    %jmp/0xz T_0.1, 5;
    %pushi/vec4 0, 0, 8;
    %ix/getv/s 4, v00000261d2ee9400_0;
    %store/vec4a v00000261d2e23630, 4, 0;
    %load/vec4 v00000261d2ee9400_0;
    %addi 1, 0, 32;
    %store/vec4 v00000261d2ee9400_0, 0, 32;
    %jmp T_0.0;
T_0.1 ;
    %end;
    .scope S_00000261d2dbecc0;
t_0 %join;
    %end;
S_00000261d2db3720 .scope begin, "$ivl_for_loop0" "$ivl_for_loop0" 4 90, 4 90 0, S_00000261d2dbecc0;
 .timescale 0 0;
v00000261d2ee9400_0 .var/i "i", 31 0;
S_00000261d2e23c90 .scope task, "pop" "pop" 3 88, 3 88 0, S_00000261d2d82b50;
 .timescale 0 0;
v00000261d2e234f0_0 .var "data", 7 0;
E_00000261d2db07d0 .event posedge, v00000261d2dbee50_0;
TD_tb_fifo.pop ;
    %load/vec4 v00000261d2e231d0_0;
    %flag_set/vec4 8;
    %jmp/0xz  T_1.2, 8;
    %vpi_call/w 3 90 "$display", "---Cannot Pop: Buffer Empty---" {0 0 0};
    %jmp T_1.3;
T_1.2 ;
    %pushi/vec4 1, 0, 1;
    %store/vec4 v00000261d2e238b0_0, 0, 1;
    %wait E_00000261d2db07d0;
    %delay 3, 0;
    %pushi/vec4 0, 0, 1;
    %store/vec4 v00000261d2e238b0_0, 0, 1;
    %load/vec4 v00000261d2e23770_0;
    %store/vec4 v00000261d2e234f0_0, 0, 8;
    %vpi_call/w 3 96 "$display", "------Poped:", " ", v00000261d2e234f0_0 {0 0 0};
T_1.3 ;
    %end;
S_00000261d2e23e20 .scope task, "push" "push" 3 75, 3 75 0, S_00000261d2d82b50;
 .timescale 0 0;
v00000261d2e22cd0_0 .var "data", 7 0;
TD_tb_fifo.push ;
    %load/vec4 v00000261d2e236d0_0;
    %flag_set/vec4 8;
    %jmp/0xz  T_2.4, 8;
    %vpi_call/w 3 77 "$display", "---Cannot push %d: Buffer Full---", v00000261d2e22cd0_0 {0 0 0};
    %jmp T_2.5;
T_2.4 ;
    %vpi_call/w 3 79 "$display", "Push", " ", v00000261d2e22cd0_0 {0 0 0};
    %load/vec4 v00000261d2e22cd0_0;
    %store/vec4 v00000261d2e22d70_0, 0, 8;
    %pushi/vec4 1, 0, 1;
    %store/vec4 v00000261d2e23b30_0, 0, 1;
    %wait E_00000261d2db07d0;
    %delay 5, 0;
    %pushi/vec4 0, 0, 1;
    %store/vec4 v00000261d2e23b30_0, 0, 1;
T_2.5 ;
    %end;
    .scope S_00000261d2dbeb30;
T_3 ;
    %wait E_00000261d2db0750;
    %load/vec4 v00000261d2e233b0_0;
    %pad/u 32;
    %cmpi/e 0, 0, 32;
    %jmp/0xz  T_3.0, 4;
    %pushi/vec4 0, 0, 3;
    %assign/vec4 v00000261d2e23950_0, 0;
    %fork TD_tb_fifo.fifo_inst.mem_clear, S_00000261d2dbecc0;
    %join;
    %jmp T_3.1;
T_3.0 ;
    %load/vec4 v00000261d2e22eb0_0;
    %pad/u 32;
    %cmpi/e 1, 0, 32;
    %flag_get/vec4 4;
    %jmp/0 T_3.4, 4;
    %load/vec4 v00000261d2e23270_0;
    %pad/u 32;
    %pushi/vec4 0, 0, 32;
    %cmp/e;
    %flag_get/vec4 4;
    %and;
T_3.4;
    %flag_set/vec4 8;
    %jmp/0xz  T_3.2, 8;
    %load/vec4 v00000261d2e23450_0;
    %load/vec4 v00000261d2e23950_0;
    %pad/u 5;
    %ix/vec4 3;
    %ix/load 4, 0, 0; Constant delay
    %assign/vec4/a/d v00000261d2e23630, 0, 4;
    %load/vec4 v00000261d2e23950_0;
    %pad/u 32;
    %cmpi/e 6, 0, 32;
    %jmp/0xz  T_3.5, 4;
    %pushi/vec4 0, 0, 3;
    %assign/vec4 v00000261d2e23950_0, 0;
    %jmp T_3.6;
T_3.5 ;
    %load/vec4 v00000261d2e23950_0;
    %addi 1, 0, 3;
    %assign/vec4 v00000261d2e23950_0, 0;
T_3.6 ;
T_3.2 ;
T_3.1 ;
    %jmp T_3;
    .thread T_3;
    .scope S_00000261d2dbeb30;
T_4 ;
    %wait E_00000261d2db0750;
    %load/vec4 v00000261d2e233b0_0;
    %pad/u 32;
    %cmpi/e 0, 0, 32;
    %jmp/0xz  T_4.0, 4;
    %pushi/vec4 0, 0, 3;
    %assign/vec4 v00000261d2e23a90_0, 0;
    %pushi/vec4 0, 0, 8;
    %assign/vec4 v00000261d2e23310_0, 0;
    %jmp T_4.1;
T_4.0 ;
    %load/vec4 v00000261d2e23810_0;
    %pad/u 32;
    %cmpi/e 1, 0, 32;
    %flag_get/vec4 4;
    %jmp/0 T_4.4, 4;
    %load/vec4 v00000261d2d82ce0_0;
    %pad/u 32;
    %pushi/vec4 0, 0, 32;
    %cmp/e;
    %flag_get/vec4 4;
    %and;
T_4.4;
    %flag_set/vec4 8;
    %jmp/0xz  T_4.2, 8;
    %load/vec4 v00000261d2e23a90_0;
    %pad/u 5;
    %ix/vec4 4;
    %load/vec4a v00000261d2e23630, 4;
    %assign/vec4 v00000261d2e23310_0, 0;
    %load/vec4 v00000261d2e23a90_0;
    %addi 1, 0, 3;
    %assign/vec4 v00000261d2e23a90_0, 0;
    %load/vec4 v00000261d2e23a90_0;
    %pad/u 32;
    %cmpi/e 6, 0, 32;
    %jmp/0xz  T_4.5, 4;
    %pushi/vec4 0, 0, 3;
    %assign/vec4 v00000261d2e23a90_0, 0;
T_4.5 ;
T_4.2 ;
T_4.1 ;
    %jmp T_4;
    .thread T_4;
    .scope S_00000261d2dbeb30;
T_5 ;
    %wait E_00000261d2db0750;
    %load/vec4 v00000261d2e233b0_0;
    %nor/r;
    %flag_set/vec4 8;
    %jmp/0xz  T_5.0, 8;
    %pushi/vec4 0, 0, 4;
    %assign/vec4 v00000261d2dbeef0_0, 0;
    %jmp T_5.1;
T_5.0 ;
    %load/vec4 v00000261d2e22eb0_0;
    %flag_set/vec4 10;
    %flag_get/vec4 10;
    %jmp/0 T_5.5, 10;
    %load/vec4 v00000261d2e23270_0;
    %nor/r;
    %and;
T_5.5;
    %flag_set/vec4 9;
    %flag_get/vec4 9;
    %jmp/0 T_5.4, 9;
    %load/vec4 v00000261d2e23810_0;
    %flag_set/vec4 9;
    %flag_get/vec4 9;
    %jmp/0 T_5.6, 9;
    %load/vec4 v00000261d2d82ce0_0;
    %nor/r;
    %and;
T_5.6;
    %and;
T_5.4;
    %flag_set/vec4 8;
    %jmp/0xz  T_5.2, 8;
    %load/vec4 v00000261d2dbeef0_0;
    %assign/vec4 v00000261d2dbeef0_0, 0;
    %jmp T_5.3;
T_5.2 ;
    %load/vec4 v00000261d2e23810_0;
    %flag_set/vec4 9;
    %flag_get/vec4 9;
    %jmp/0 T_5.9, 9;
    %load/vec4 v00000261d2d82ce0_0;
    %nor/r;
    %and;
T_5.9;
    %flag_set/vec4 8;
    %jmp/0xz  T_5.7, 8;
    %load/vec4 v00000261d2dbeef0_0;
    %subi 1, 0, 4;
    %assign/vec4 v00000261d2dbeef0_0, 0;
    %jmp T_5.8;
T_5.7 ;
    %load/vec4 v00000261d2e22eb0_0;
    %flag_set/vec4 9;
    %flag_get/vec4 9;
    %jmp/0 T_5.12, 9;
    %load/vec4 v00000261d2e23270_0;
    %nor/r;
    %and;
T_5.12;
    %flag_set/vec4 8;
    %jmp/0xz  T_5.10, 8;
    %load/vec4 v00000261d2dbeef0_0;
    %addi 1, 0, 4;
    %assign/vec4 v00000261d2dbeef0_0, 0;
    %jmp T_5.11;
T_5.10 ;
    %load/vec4 v00000261d2dbeef0_0;
    %assign/vec4 v00000261d2dbeef0_0, 0;
T_5.11 ;
T_5.8 ;
T_5.3 ;
T_5.1 ;
    %jmp T_5;
    .thread T_5;
    .scope S_00000261d2d82b50;
T_6 ;
    %pushi/vec4 0, 0, 8;
    %store/vec4 v00000261d2e239f0_0, 0, 8;
    %end;
    .thread T_6, $init;
    .scope S_00000261d2d82b50;
T_7 ;
    %delay 10, 0;
    %load/vec4 v00000261d2e23590_0;
    %inv;
    %store/vec4 v00000261d2e23590_0, 0, 1;
    %jmp T_7;
    .thread T_7;
    .scope S_00000261d2d82b50;
T_8 ;
    %pushi/vec4 0, 0, 1;
    %store/vec4 v00000261d2e23590_0, 0, 1;
    %pushi/vec4 0, 0, 1;
    %store/vec4 v00000261d2e22e10_0, 0, 1;
    %pushi/vec4 0, 0, 1;
    %store/vec4 v00000261d2e23b30_0, 0, 1;
    %pushi/vec4 0, 0, 1;
    %store/vec4 v00000261d2e238b0_0, 0, 1;
    %pushi/vec4 0, 0, 8;
    %store/vec4 v00000261d2e22d70_0, 0, 8;
    %delay 30, 0;
    %pushi/vec4 1, 0, 1;
    %store/vec4 v00000261d2e22e10_0, 0, 1;
    %pushi/vec4 1, 0, 8;
    %store/vec4 v00000261d2e22cd0_0, 0, 8;
    %fork TD_tb_fifo.push, S_00000261d2e23e20;
    %join;
    %pushi/vec4 2, 0, 8;
    %store/vec4 v00000261d2e22cd0_0, 0, 8;
    %fork TD_tb_fifo.push, S_00000261d2e23e20;
    %join;
    %fork TD_tb_fifo.pop, S_00000261d2e23c90;
    %join;
    %load/vec4 v00000261d2e234f0_0;
    %store/vec4 v00000261d2e239f0_0, 0, 8;
    %fork TD_tb_fifo.pop, S_00000261d2e23c90;
    %join;
    %load/vec4 v00000261d2e234f0_0;
    %store/vec4 v00000261d2e239f0_0, 0, 8;
    %fork TD_tb_fifo.pop, S_00000261d2e23c90;
    %join;
    %load/vec4 v00000261d2e234f0_0;
    %store/vec4 v00000261d2e239f0_0, 0, 8;
    %pushi/vec4 10, 0, 8;
    %store/vec4 v00000261d2e22cd0_0, 0, 8;
    %fork TD_tb_fifo.push, S_00000261d2e23e20;
    %join;
    %pushi/vec4 20, 0, 8;
    %store/vec4 v00000261d2e22cd0_0, 0, 8;
    %fork TD_tb_fifo.push, S_00000261d2e23e20;
    %join;
    %pushi/vec4 30, 0, 8;
    %store/vec4 v00000261d2e22cd0_0, 0, 8;
    %fork TD_tb_fifo.push, S_00000261d2e23e20;
    %join;
    %pushi/vec4 40, 0, 8;
    %store/vec4 v00000261d2e22cd0_0, 0, 8;
    %fork TD_tb_fifo.push, S_00000261d2e23e20;
    %join;
    %pushi/vec4 50, 0, 8;
    %store/vec4 v00000261d2e22cd0_0, 0, 8;
    %fork TD_tb_fifo.push, S_00000261d2e23e20;
    %join;
    %pushi/vec4 60, 0, 8;
    %store/vec4 v00000261d2e22cd0_0, 0, 8;
    %fork TD_tb_fifo.push, S_00000261d2e23e20;
    %join;
    %pushi/vec4 70, 0, 8;
    %store/vec4 v00000261d2e22cd0_0, 0, 8;
    %fork TD_tb_fifo.push, S_00000261d2e23e20;
    %join;
    %pushi/vec4 80, 0, 8;
    %store/vec4 v00000261d2e22cd0_0, 0, 8;
    %fork TD_tb_fifo.push, S_00000261d2e23e20;
    %join;
    %pushi/vec4 90, 0, 8;
    %store/vec4 v00000261d2e22cd0_0, 0, 8;
    %fork TD_tb_fifo.push, S_00000261d2e23e20;
    %join;
    %pushi/vec4 100, 0, 8;
    %store/vec4 v00000261d2e22cd0_0, 0, 8;
    %fork TD_tb_fifo.push, S_00000261d2e23e20;
    %join;
    %pushi/vec4 110, 0, 8;
    %store/vec4 v00000261d2e22cd0_0, 0, 8;
    %fork TD_tb_fifo.push, S_00000261d2e23e20;
    %join;
    %pushi/vec4 120, 0, 8;
    %store/vec4 v00000261d2e22cd0_0, 0, 8;
    %fork TD_tb_fifo.push, S_00000261d2e23e20;
    %join;
    %pushi/vec4 130, 0, 8;
    %store/vec4 v00000261d2e22cd0_0, 0, 8;
    %fork TD_tb_fifo.push, S_00000261d2e23e20;
    %join;
    %fork TD_tb_fifo.pop, S_00000261d2e23c90;
    %join;
    %load/vec4 v00000261d2e234f0_0;
    %store/vec4 v00000261d2e239f0_0, 0, 8;
    %load/vec4 v00000261d2e239f0_0;
    %store/vec4 v00000261d2e22cd0_0, 0, 8;
    %fork TD_tb_fifo.push, S_00000261d2e23e20;
    %join;
    %fork TD_tb_fifo.pop, S_00000261d2e23c90;
    %join;
    %load/vec4 v00000261d2e234f0_0;
    %store/vec4 v00000261d2e239f0_0, 0, 8;
    %fork TD_tb_fifo.pop, S_00000261d2e23c90;
    %join;
    %load/vec4 v00000261d2e234f0_0;
    %store/vec4 v00000261d2e239f0_0, 0, 8;
    %fork TD_tb_fifo.pop, S_00000261d2e23c90;
    %join;
    %load/vec4 v00000261d2e234f0_0;
    %store/vec4 v00000261d2e239f0_0, 0, 8;
    %fork TD_tb_fifo.pop, S_00000261d2e23c90;
    %join;
    %load/vec4 v00000261d2e234f0_0;
    %store/vec4 v00000261d2e239f0_0, 0, 8;
    %pushi/vec4 140, 0, 8;
    %store/vec4 v00000261d2e22cd0_0, 0, 8;
    %fork TD_tb_fifo.push, S_00000261d2e23e20;
    %join;
    %fork TD_tb_fifo.pop, S_00000261d2e23c90;
    %join;
    %load/vec4 v00000261d2e234f0_0;
    %store/vec4 v00000261d2e239f0_0, 0, 8;
    %load/vec4 v00000261d2e239f0_0;
    %store/vec4 v00000261d2e22cd0_0, 0, 8;
    %fork TD_tb_fifo.push, S_00000261d2e23e20;
    %join;
    %fork TD_tb_fifo.pop, S_00000261d2e23c90;
    %join;
    %load/vec4 v00000261d2e234f0_0;
    %store/vec4 v00000261d2e239f0_0, 0, 8;
    %fork TD_tb_fifo.pop, S_00000261d2e23c90;
    %join;
    %load/vec4 v00000261d2e234f0_0;
    %store/vec4 v00000261d2e239f0_0, 0, 8;
    %fork TD_tb_fifo.pop, S_00000261d2e23c90;
    %join;
    %load/vec4 v00000261d2e234f0_0;
    %store/vec4 v00000261d2e239f0_0, 0, 8;
    %fork TD_tb_fifo.pop, S_00000261d2e23c90;
    %join;
    %load/vec4 v00000261d2e234f0_0;
    %store/vec4 v00000261d2e239f0_0, 0, 8;
    %fork TD_tb_fifo.pop, S_00000261d2e23c90;
    %join;
    %load/vec4 v00000261d2e234f0_0;
    %store/vec4 v00000261d2e239f0_0, 0, 8;
    %fork TD_tb_fifo.pop, S_00000261d2e23c90;
    %join;
    %load/vec4 v00000261d2e234f0_0;
    %store/vec4 v00000261d2e239f0_0, 0, 8;
    %fork TD_tb_fifo.pop, S_00000261d2e23c90;
    %join;
    %load/vec4 v00000261d2e234f0_0;
    %store/vec4 v00000261d2e239f0_0, 0, 8;
    %fork TD_tb_fifo.pop, S_00000261d2e23c90;
    %join;
    %load/vec4 v00000261d2e234f0_0;
    %store/vec4 v00000261d2e239f0_0, 0, 8;
    %fork TD_tb_fifo.pop, S_00000261d2e23c90;
    %join;
    %load/vec4 v00000261d2e234f0_0;
    %store/vec4 v00000261d2e239f0_0, 0, 8;
    %fork TD_tb_fifo.pop, S_00000261d2e23c90;
    %join;
    %load/vec4 v00000261d2e234f0_0;
    %store/vec4 v00000261d2e239f0_0, 0, 8;
    %fork TD_tb_fifo.pop, S_00000261d2e23c90;
    %join;
    %load/vec4 v00000261d2e234f0_0;
    %store/vec4 v00000261d2e239f0_0, 0, 8;
    %pushi/vec4 5, 0, 8;
    %store/vec4 v00000261d2e22cd0_0, 0, 8;
    %fork TD_tb_fifo.push, S_00000261d2e23e20;
    %join;
    %fork TD_tb_fifo.pop, S_00000261d2e23c90;
    %join;
    %load/vec4 v00000261d2e234f0_0;
    %store/vec4 v00000261d2e239f0_0, 0, 8;
    %delay 1000, 0;
    %vpi_call/w 3 66 "$finish" {0 0 0};
    %end;
    .thread T_8;
    .scope S_00000261d2d82b50;
T_9 ;
    %vpi_call/w 3 71 "$dumpfile", "wave.vcd" {0 0 0};
    %vpi_call/w 3 72 "$dumpvars", 32'sb00000000000000000000000000000000, S_00000261d2d82b50 {0 0 0};
    %end;
    .thread T_9;
# The file index is used to find the file name in the following table.
:file_names 5;
    "N/A";
    "<interactive>";
    "-";
    "tb_fifo.sv";
    ".//fifo.v";
